{
  "stats": {
    "suites": 1,
    "tests": 1,
    "passes": 0,
    "pending": 0,
    "failures": 1,
    "start": "2021-07-19T17:09:50.703Z",
    "end": "2021-07-19T17:09:57.709Z",
    "duration": 7006,
    "testsRegistered": 1,
    "passPercent": 0,
    "pendingPercent": 0,
    "other": 0,
    "hasOther": false,
    "skipped": 0,
    "hasSkipped": false
  },
  "results": [
    {
      "uuid": "8089c680-7db4-4ea4-ace0-f633336a2f6a",
      "title": "",
      "fullFile": "cypress/integration/counter.spec.js",
      "file": "cypress/integration/counter.spec.js",
      "beforeHooks": [],
      "afterHooks": [],
      "tests": [],
      "suites": [
        {
          "uuid": "c56f1917-4c6c-4666-a891-23934ba13677",
          "title": "counter",
          "fullFile": "",
          "file": "",
          "beforeHooks": [],
          "afterHooks": [],
          "tests": [
            {
              "title": "increments a counter",
              "fullTitle": "counter increments a counter",
              "timedOut": null,
              "duration": 6826,
              "state": "failed",
              "speed": null,
              "pass": false,
              "fail": true,
              "pending": false,
              "context": null,
              "code": "cy.get(\"[data-cy=btn-counter-inc]\").click();\ncy.get(\"[data-cy=counter-count]\").should(\"contain.text\", \"1\");\ncy.get(\"[data-cy=btn-counter-inc]\").click();\ncy.get(\"[data-cy=counter-count]\").should(\"contain.text\", \"2\");",
              "err": {
                "message": "AssertionError: Timed out retrying after 4000ms: Expected to find element: `[data-cy=nav-counter]`, but never found it.\n\nBecause this error occurred during a `before each` hook we are skipping the remaining tests in the current suite: `counter`",
                "estack": "AssertionError: Timed out retrying after 4000ms: Expected to find element: `[data-cy=nav-counter]`, but never found it.\n\nBecause this error occurred during a `before each` hook we are skipping the remaining tests in the current suite: `counter`\n    at Context.eval (https://abi-las-fe-wsc-dev.dev.abinbev-las.com/__cypress/tests?p=cypress\\integration\\counter.spec.js:102:16)",
                "diff": null
              },
              "uuid": "3e48a8ad-44bb-46ce-b18e-c43f63f0c0b9",
              "parentUUID": "c56f1917-4c6c-4666-a891-23934ba13677",
              "isHook": false,
              "skipped": false
            }
          ],
          "suites": [],
          "passes": [],
          "failures": [
            "3e48a8ad-44bb-46ce-b18e-c43f63f0c0b9"
          ],
          "pending": [],
          "skipped": [],
          "duration": 6826,
          "root": false,
          "rootEmpty": false,
          "_timeout": 2000
        }
      ],
      "passes": [],
      "failures": [],
      "pending": [],
      "skipped": [],
      "duration": 0,
      "root": true,
      "rootEmpty": true,
      "_timeout": 2000
    }
  ],
  "meta": {
    "mocha": {
      "version": "7.0.1"
    },
    "mochawesome": {
      "options": {
        "quiet": false,
        "reportFilename": "mochawesome",
        "saveHtml": true,
        "saveJson": true,
        "consoleReporter": "spec",
        "useInlineDiffs": false,
        "code": true
      },
      "version": "6.2.2"
    },
    "marge": {
      "options": {
        "overwrite": false,
        "html": true,
        "json": true
      },
      "version": "5.2.0"
    }
  }
}